0 info it worked if it ends with ok
1 verbose cli [ 'C:\\Program Files\\nodejs\\node.exe',
1 verbose cli   'C:\\Program Files\\nodejs\\node_global\\node_modules\\npm\\bin\\npm-cli.js',
1 verbose cli   'start' ]
2 info using npm@3.10.10
3 info using node@v8.11.3
4 verbose run-script [ 'prestart', 'start', 'poststart' ]
5 info lifecycle nodeblog@0.0.1~prestart: nodeblog@0.0.1
6 silly lifecycle nodeblog@0.0.1~prestart: no script for prestart, continuing
7 info lifecycle nodeblog@0.0.1~start: nodeblog@0.0.1
8 verbose lifecycle nodeblog@0.0.1~start: unsafe-perm in lifecycle true
9 verbose lifecycle nodeblog@0.0.1~start: PATH: C:\Program Files\nodejs\node_global\node_modules\npm\bin\node-gyp-bin;E:\node\nodeblog\node_modules\.bin;C:\Program Files (x86)\Common Files\Oracle\Java\javapath;%SystemRoot%\system32;%SystemRoot%;%SystemRoot%\System32\Wbem;%SYSTEMROOT%\System32\WindowsPowerShell\v1.0\;%SYSTEMROOT%\System32\OpenSSH\;C:\Program Files\nodejs\;%JAVA_HOME%\bin;%JAVA_HOME%\jre\bin;D:\Program Files\Git\cmd;D:\Program Files\MySQL\mysql-8.0.11-winx64\bin;;C:\Android;C:\Windows\System32;C:\Users\17338\AppData\Local\Microsoft\WindowsApps;C:\Users\17338\AppData\Roaming\npm;C:\Program Files\nodejs\node_global;D:\Program Files\MongoDB\mongodb\bin;;D:\Program Files\Microsoft VS Code\bin
10 verbose lifecycle nodeblog@0.0.1~start: CWD: E:\node\nodeblog
11 silly lifecycle nodeblog@0.0.1~start: Args: [ '/d /s /c', 'node app.js' ]
12 silly lifecycle nodeblog@0.0.1~start: Returned: code: 1  signal: null
13 info lifecycle nodeblog@0.0.1~start: Failed to exec start script
14 verbose stack Error: nodeblog@0.0.1 start: `node app.js`
14 verbose stack Exit status 1
14 verbose stack     at EventEmitter.<anonymous> (C:\Program Files\nodejs\node_global\node_modules\npm\lib\utils\lifecycle.js:255:16)
14 verbose stack     at emitTwo (events.js:126:13)
14 verbose stack     at EventEmitter.emit (events.js:214:7)
14 verbose stack     at ChildProcess.<anonymous> (C:\Program Files\nodejs\node_global\node_modules\npm\lib\utils\spawn.js:40:14)
14 verbose stack     at emitTwo (events.js:126:13)
14 verbose stack     at ChildProcess.emit (events.js:214:7)
14 verbose stack     at maybeClose (internal/child_process.js:925:16)
14 verbose stack     at Process.ChildProcess._handle.onexit (internal/child_process.js:209:5)
15 verbose pkgid nodeblog@0.0.1
16 verbose cwd E:\node\nodeblog
17 error Windows_NT 10.0.17134
18 error argv "C:\\Program Files\\nodejs\\node.exe" "C:\\Program Files\\nodejs\\node_global\\node_modules\\npm\\bin\\npm-cli.js" "start"
19 error node v8.11.3
20 error npm  v3.10.10
21 error code ELIFECYCLE
22 error nodeblog@0.0.1 start: `node app.js`
22 error Exit status 1
23 error Failed at the nodeblog@0.0.1 start script 'node app.js'.
23 error Make sure you have the latest version of node.js and npm installed.
23 error If you do, this is most likely a problem with the nodeblog package,
23 error not with npm itself.
23 error Tell the author that this fails on your system:
23 error     node app.js
23 error You can get information on how to open an issue for this project with:
23 error     npm bugs nodeblog
23 error Or if that isn't available, you can get their info via:
23 error     npm owner ls nodeblog
23 error There is likely additional logging output above.
24 verbose exit [ 1, true ]
